
##### H. P. Filho:

##### Christopher Wallace:

##### Elena Lebedeva (IG: ellebedeva_):

##### hans pohl:

##### Steenjep:

##### michael_jeddah:

##### haroldmoses:
(-34.61223, -58.35195) not skipped: [-34, -58] is at not found excludes

##### Lemmo2009:

##### Northern Tony:

##### normafincher:

##### Andy.Gocher:

##### alfsan:

##### Dmitry Djouce:

##### Joseph Hollick:

##### CJphoto83:

##### ManxieB- sorry, struggling!:

##### philippeguillot21:

##### Brit 70013 fan:

##### Fernando Sa Rapita:

##### Susie_D52:

##### Eugenio GV Costa:

##### Quel.R.R:

##### javiernoval:

##### bobbyblack51:

##### Jason Frels:

##### 8 mil views - Thank you all.:

##### pascalvu1:

##### jklovelacephotography:

##### Beatrix MK:

##### Black Diamond Images:

##### GSB Photography:

##### giovannicampus:

##### jamesgreig@dr.com:

##### Howard Somerville (11 million views):

##### █ Slices of Light ✴ █▀ ▀ ▀:

##### Miguel - AF:

##### Liam Cheasty:
