
##### H. P. Filho:

##### Christopher Wallace:

##### Elena Lebedeva (IG: ellebedeva_):

##### hans pohl:

##### Steenjep:

##### michael_jeddah:

##### haroldmoses:

##### Lemmo2009:

##### Northern Tony:

##### normafincher:

##### Andy.Gocher:

##### alfsan:

##### Dmitry Djouce:

##### Joseph Hollick:

##### CJphoto83:

##### ManxieB- sorry, struggling!:

##### philippeguillot21:
-> Nominatim: (-21.131742, 55.622577) = NOT FOUND
-> Nominatim: (-21.132052, 55.621858) = NOT FOUND
-> Nominatim: (-21.204227, 55.354067) = NOT FOUND

##### Brit 70013 fan:

##### Fernando Sa Rapita:
