##### Updating map for member: H. P. Filho...
Getting locations and countries...
Starting 'Flickr Map' script...
Generating map for 'Haraldo Albergaria'
1521 photos in the photostream
No changes on number of photos since last run.
Aborted.
Everything is up-to-date. Nothing to commit!
Getting member information...
Done!

##### Updating map for member: Christopher Wallace...
Getting locations and countries...
Starting 'Flickr Map' script...
Generating map for 'Chris Price'
1794 photos in the photostream
5 new photo(s) added
Extracting photo coordinates and ids...
Batch 1/1 | 5 photo(s) in 4 marker(s)
Adding marker(s) to map...
Map already has 1232 marker(s)
Added 3 new photo(s) to existing markers
2 new marker(s) will be added to the map
Added marker 1/2
Added marker 2/2
Finished!
Commiting map data...
Done!
Getting member information...
Done!

##### Updating map for member: Elena Lebedeva (IG: ...
Getting locations and countries...
Starting 'Flickr Map' script...
Generating map for 'Elena Lebedeva (IG: ellebedeva'
250 photos in the photostream
No changes on number of photos since last run.
Aborted.
Everything is up-to-date. Nothing to commit!
Getting member information...
Done!

##### Updating map for member: hans pohl...
Getting locations and countries...
Starting 'Flickr Map' script...
Generating map for 'Hans Pohl'
6252 photos in the photostream
5 new photo(s) added
Extracting photo coordinates and ids...
Batch 1/1 | 5 photo(s) in 4 marker(s)
Adding marker(s) to map...
Map already has 4023 marker(s)
4 new marker(s) will be added to the map
Added marker 1/4
Added marker 2/4
Added marker 3/4
Added marker 4/4
Finished!
Commiting map data...
Done!
Getting member information...
Done!

##### Updating map for member: Steenjep...
Getting locations and countries...
Starting 'Flickr Map' script...
Generating map for 'Steen Jeppesen'
18182 photos in the photostream
2 new photo(s) added
Extracting photo coordinates and ids...
Batch 1/1 | 2 photo(s) in 2 marker(s)
Adding marker(s) to map...
Map already has 12602 marker(s)
2 new marker(s) will be added to the map
Added marker 1/2
Added marker 2/2
Finished!
Commiting map data...
Done!
Getting member information...
Done!

##### Updating map for member: michael_jeddah...
Getting locations and countries...
Starting 'Flickr Map' script...
Generating map for 'michael_jeddah'
20642 photos in the photostream
42 new photo(s) added
Extracting photo coordinates and ids...
Batch 1/1 | 0 photo(s) in 0 marker(s)
Adding marker(s) to map...
Map already has 8308 marker(s)
No new markers were added to the map
Finished!
Everything is up-to-date. Nothing to commit!
Getting member information...
Done!

##### Updating map for member: haroldmoses...
Getting locations and countries...
Starting 'Flickr Map' script...
Generating map for 'Harold  Moses'
6335 photos in the photostream
8 new photo(s) added
Extracting photo coordinates and ids...
Batch 1/1 | 8 photo(s) in 6 marker(s)
Adding marker(s) to map...
Map already has 3723 marker(s)
6 new marker(s) will be added to the map
Added marker 1/6
Added marker 2/6
Added marker 3/6
Added marker 4/6
Added marker 5/6
Added marker 6/6
Finished!
